<?xml version="1.0" encoding="UTF-8"?>
<!-- Generated by org.testng.reporters.JUnitReportReporter -->
<testsuite hostname="DESKTOP-1LLEDPQ" failures="0" tests="2" name="ranstad.com.qa.testcase.LandingPageTest" time="59.747" errors="0" timestamp="2021-12-20T01:15:23 SGT" skipped="1">
  <testcase classname="ranstad.com.qa.testcase.LandingPageTest" name="naviagteToSearchTest" time="59.747"/>
  <system-out/>
  <testcase classname="ranstad.com.qa.testcase.LandingPageTest" name="landingPageTitleTest">
    <skipped/>
  </testcase> <!-- landingPageTitleTest -->
  <system-out/>
</testsuite> <!-- ranstad.com.qa.testcase.LandingPageTest -->
